<?xml version="1.0" encoding="UTF-8"?>
<!-- Generated by org.testng.reporters.JUnitReportReporter -->
<testsuite hostname="HMECL000695" name="com.automation.newati.smoke.PulseUserSmokeTest6" tests="1" failures="0" timestamp="26 Jun 2019 12:47:10 GMT" time="437.038" errors="0">
  <testcase name="NewATI862_VerifyTheFunctionalityForSimulation" time="437.038" classname="com.automation.newati.smoke.PulseUserSmokeTest6"/>
</testsuite> <!-- com.automation.newati.smoke.PulseUserSmokeTest6 -->
