<?xml version="1.0" encoding="UTF-8"?>
<!-- Generated by org.testng.reporters.JUnitReportReporter -->
<testsuite hostname="HMECL000695" name="com.automation.newati.curriculumcohort.Regression" tests="1" failures="0" timestamp="29 Apr 2019 13:03:31 GMT" time="165.201" errors="0">
  <testcase name="NewATI915_verifyGraduationcurrcilumInCalender" time="165.201" classname="com.automation.newati.curriculumcohort.Regression"/>
</testsuite> <!-- com.automation.newati.curriculumcohort.Regression -->
