<?xml version="1.0" encoding="UTF-8"?>
<!-- Generated by org.testng.reporters.JUnitReportReporter -->
<testsuite hostname="HMECL000695" name="com.automation.newati.learntab.DosageTest" tests="1" failures="0" timestamp="26 Apr 2019 12:09:08 GMT" time="142.743" errors="0">
  <testcase name="NewATI1235_VerifyElementsDisplayedOnTheCardFront" time="142.743" classname="com.automation.newati.learntab.DosageTest"/>
</testsuite> <!-- com.automation.newati.learntab.DosageTest -->
