<?xml version="1.0" encoding="UTF-8"?>
<!-- Generated by org.testng.reporters.JUnitReportReporter -->
<testsuite hostname="HMECL000695" name="com.automation.newati.payament.PaymentTest1" tests="1" failures="0" timestamp="25 Apr 2019 09:37:29 GMT" time="280.509" errors="0">
  <testcase name="NewATI306_verifyNonTEASSelfPayVisaCardWithTax" time="280.509" classname="com.automation.newati.payament.PaymentTest1"/>
</testsuite> <!-- com.automation.newati.payament.PaymentTest1 -->
