<?xml version="1.0" encoding="UTF-8"?>
<!-- Generated by org.testng.reporters.JUnitReportReporter -->
<testsuite hostname="HMECL000695" name="com.automation.newati.login.ForgetPasswordTest" tests="1" failures="0" timestamp="29 Apr 2019 11:47:40 GMT" time="20.333" errors="0">
  <testcase name="NewATI44_ForgotLinkVerification" time="20.333" classname="com.automation.newati.login.ForgetPasswordTest"/>
</testsuite> <!-- com.automation.newati.login.ForgetPasswordTest -->
