<?xml version="1.0" encoding="UTF-8"?>
<!-- Generated by org.testng.reporters.JUnitReportReporter -->
<testsuite hostname="HMECL000695" name="com.automation.newati.regression.learntab.EBookTest3" tests="1" failures="0" timestamp="10 May 2019 12:02:13 GMT" time="162.055" errors="0">
  <testcase name="NewATI874_VerifyRNEBook" time="162.055" classname="com.automation.newati.regression.learntab.EBookTest3"/>
</testsuite> <!-- com.automation.newati.regression.learntab.EBookTest3 -->
