<?xml version="1.0" encoding="UTF-8"?>
<!-- Generated by org.testng.reporters.JUnitReportReporter -->
<testsuite hostname="HMECL000695" name="com.automation.newati.payament.PaymentRegression1" tests="1" failures="0" timestamp="24 Apr 2019 11:15:57 GMT" time="130.012" errors="0">
  <testcase name="NewATI645_VerifyClassIDCaseSensitivity" time="130.012" classname="com.automation.newati.payament.PaymentRegression1"/>
</testsuite> <!-- com.automation.newati.payament.PaymentRegression1 -->
