<?xml version="1.0" encoding="UTF-8"?>
<!-- Generated by org.testng.reporters.JUnitReportReporter -->
<testsuite hostname="HMECL000695" name="com.automation.newati.payament.PaymentTest15" tests="1" failures="0" timestamp="25 Apr 2019 09:46:24 GMT" time="283.596" errors="0">
  <testcase name="NewATI304_verifyTEASSelfPayMasterCardWithTax" time="283.596" classname="com.automation.newati.payament.PaymentTest15"/>
</testsuite> <!-- com.automation.newati.payament.PaymentTest15 -->
