<?xml version="1.0" encoding="UTF-8"?>
<!-- Generated by org.testng.reporters.JUnitReportReporter -->
<testsuite hostname="HMECL000695" name="com.automation.newati.payament.PaymentTest10" tests="1" failures="0" timestamp="25 Apr 2019 09:57:23 GMT" time="315.412" errors="0">
  <testcase name="NewATI328_VerifyIndividualSemesterPaymentWithDiscoverCard" time="315.412" classname="com.automation.newati.payament.PaymentTest10"/>
</testsuite> <!-- com.automation.newati.payament.PaymentTest10 -->
