<?xml version="1.0" encoding="UTF-8"?>
<!-- Generated by org.testng.reporters.JUnitReportReporter -->
<testsuite hostname="HMECL000695" name="com.automation.newati.payament.PaymentTest13" tests="1" failures="0" timestamp="24 Apr 2019 11:49:16 GMT" time="312.217" errors="0">
  <testcase name="NewATI365_verifyPaymentForEBookUsingDISCOVERCard" time="312.217" classname="com.automation.newati.payament.PaymentTest13"/>
</testsuite> <!-- com.automation.newati.payament.PaymentTest13 -->
