<?xml version="1.0" encoding="UTF-8"?>
<!-- Generated by org.testng.reporters.JUnitReportReporter -->
<testsuite hostname="HMECL000695" name="com.automation.newati.payament.PaymentTest20" tests="1" failures="0" timestamp="25 Apr 2019 10:19:54 GMT" time="308.123" errors="0">
  <testcase name="NewATI317_VerifyIndividualSemesterPaymentWithAmericanExpCard" time="308.123" classname="com.automation.newati.payament.PaymentTest20"/>
</testsuite> <!-- com.automation.newati.payament.PaymentTest20 -->
