<?xml version="1.0" encoding="UTF-8"?>
<!-- Generated by org.testng.reporters.JUnitReportReporter -->
<testsuite hostname="HMECL000695" name="com.automation.newati.payament.PaymentTest21" tests="1" failures="0" timestamp="24 Apr 2019 11:39:40 GMT" time="158.548" errors="0">
  <testcase name="NewATI362_verifyTEASShareResultsviaMasterCardWithTax" time="158.548" classname="com.automation.newati.payament.PaymentTest21"/>
</testsuite> <!-- com.automation.newati.payament.PaymentTest21 -->
