<?xml version="1.0" encoding="UTF-8"?>
<!-- Generated by org.testng.reporters.JUnitReportReporter -->
<testsuite hostname="HMECL000695" name="com.automation.newati.logincreateaccount.CreateAccountTest2" tests="1" failures="0" timestamp="8 Apr 2019 10:36:14 GMT" time="188.292" errors="0">
  <testcase name="NewATI1220_VerifUserCanCreateAccountSuccessfully" time="188.292" classname="com.automation.newati.logincreateaccount.CreateAccountTest2"/>
</testsuite> <!-- com.automation.newati.logincreateaccount.CreateAccountTest2 -->
