<?xml version="1.0" encoding="UTF-8"?>
<!-- Generated by org.testng.reporters.JUnitReportReporter -->
<testsuite hostname="HMECL000695" name="com.automation.newati.student.engagement.New.LearnTabTutorialCardBackTest2" tests="1" failures="0" timestamp="14 May 2019 12:37:14 GMT" time="171.863" errors="0">
  <testcase name="NewATI744_VerifySpeedometerDisplayingAllModulesForSTT" time="171.863" classname="com.automation.newati.student.engagement.New.LearnTabTutorialCardBackTest2"/>
</testsuite> <!-- com.automation.newati.student.engagement.New.LearnTabTutorialCardBackTest2 -->
