<?xml version="1.0" encoding="UTF-8"?>
<!-- Generated by org.testng.reporters.JUnitReportReporter -->
<testsuite hostname="HMECL000695" name="com.automation.newati.smoke.PulseUserSmokeTest4" tests="1" failures="0" timestamp="26 Jun 2019 12:10:55 GMT" time="121.170" errors="0">
  <testcase name="NewATI849_VerifyTheResetLockedFunctionalityFlow" time="121.170" classname="com.automation.newati.smoke.PulseUserSmokeTest4"/>
</testsuite> <!-- com.automation.newati.smoke.PulseUserSmokeTest4 -->
