<?xml version="1.0" encoding="UTF-8"?>
<!-- Generated by org.testng.reporters.JUnitReportReporter -->
<testsuite hostname="HMECL000695" name="com.automation.newati.payament.PaymentTest17" tests="1" failures="0" timestamp="25 Apr 2019 09:13:22 GMT" time="414.631" errors="0">
  <testcase name="NewATI305_verifyNonTEASSelfPayAmericanCardWithTax" time="414.631" classname="com.automation.newati.payament.PaymentTest17"/>
</testsuite> <!-- com.automation.newati.payament.PaymentTest17 -->
