<?xml version="1.0" encoding="UTF-8"?>
<!-- Generated by org.testng.reporters.JUnitReportReporter -->
<testsuite hostname="HMECL000695" name="com.automation.newati.payament.PaymentTest14" tests="1" failures="0" timestamp="25 Apr 2019 11:15:35 GMT" time="267.326" errors="0">
  <testcase name="NewATI329_VerifyIndividualSemesterPaymentWithDiscoverCard" time="267.326" classname="com.automation.newati.payament.PaymentTest14"/>
</testsuite> <!-- com.automation.newati.payament.PaymentTest14 -->
