<?xml version="1.0" encoding="UTF-8"?>
<!-- Generated by org.testng.reporters.JUnitReportReporter -->
<testsuite hostname="HMECL000695" name="com.automation.newati.regression.logintab.VerifyLoginPageRegressionTest" tests="1" failures="0" timestamp="18 Mar 2019 12:25:23 GMT" time="85.420" errors="0">
  <testcase name="NewATI752_VerifyMandatorySymbolForZipCode" time="85.420" classname="com.automation.newati.regression.logintab.VerifyLoginPageRegressionTest"/>
</testsuite> <!-- com.automation.newati.regression.logintab.VerifyLoginPageRegressionTest -->
