<?xml version="1.0" encoding="UTF-8"?>
<!-- Generated by org.testng.reporters.JUnitReportReporter -->
<testsuite hostname="HMECL000695" name="com.automation.newati.student.engagement.New.GeneralScenariosTest" tests="1" failures="0" timestamp="10 May 2019 11:52:22 GMT" time="67.092" errors="0">
  <testcase name="NewATI735_VerifySeRelatedDataNotPresent" time="67.092" classname="com.automation.newati.student.engagement.New.GeneralScenariosTest"/>
</testsuite> <!-- com.automation.newati.student.engagement.New.GeneralScenariosTest -->
