<?xml version="1.0" encoding="UTF-8"?>
<!-- Generated by org.testng.reporters.JUnitReportReporter -->
<testsuite hostname="HMECL000695" name="com.automation.newati.student.engagement.New.ApplyTabSimulationCardFrontTest" tests="1" failures="0" timestamp="30 Apr 2019 09:11:15 GMT" time="156.579" errors="0">
  <testcase name="NewATI725_VerifySpeedometerValueTest" time="156.579" classname="com.automation.newati.student.engagement.New.ApplyTabSimulationCardFrontTest"/>
</testsuite> <!-- com.automation.newati.student.engagement.New.ApplyTabSimulationCardFrontTest -->
