<?xml version="1.0" encoding="UTF-8"?>
<!-- Generated by org.testng.reporters.JUnitReportReporter -->
<testsuite hostname="HMECL000695" name="com.automation.newati.applytab.HealthAssessment" tests="6" failures="0" timestamp="29 Apr 2019 11:02:49 GMT" time="539.131" errors="0">
  <testcase name="NewATI1269_VerifyResultsOfHAProductMyResultstabNonVPModule" time="82.620" classname="com.automation.newati.applytab.HealthAssessment"/>
  <testcase name="NewATI1174_VerifyChartButtonWithinTheHeaderSection" time="80.513" classname="com.automation.newati.applytab.HealthAssessment"/>
  <testcase name="NewATI1197_VerifyWHenUserClicksOnEHRChartLinkFromMyResults" time="54.340" classname="com.automation.newati.applytab.HealthAssessment"/>
  <testcase name="NewATI1268_VerifyCardbackAndCardfrontFunctionalityForHA" time="83.369" classname="com.automation.newati.applytab.HealthAssessment"/>
  <testcase name="NewATI1207_VerifyTheHAFlowFromApplyTabForVPEs" time="113.215" classname="com.automation.newati.applytab.HealthAssessment"/>
  <testcase name="NewATI1206_VerifyHAFlowFromApplyTabForNonVPEs" time="125.074" classname="com.automation.newati.applytab.HealthAssessment"/>
</testsuite> <!-- com.automation.newati.applytab.HealthAssessment -->
