<?xml version="1.0" encoding="UTF-8"?>
<!-- Generated by org.testng.reporters.JUnitReportReporter -->
<testsuite hostname="HMECL000695" name="com.automation.newati.payament.PaymentTest9" tests="1" failures="0" timestamp="25 Apr 2019 09:19:37 GMT" time="303.500" errors="0">
  <testcase name="NewATI303_verifyTEASSelfPayMasterCardWithTax" time="303.500" classname="com.automation.newati.payament.PaymentTest9"/>
</testsuite> <!-- com.automation.newati.payament.PaymentTest9 -->
