<?xml version="1.0" encoding="UTF-8"?>
<!-- Generated by org.testng.reporters.JUnitReportReporter -->
<testsuite hostname="HMECL000695" name="com.automation.newati.tutorial.TutorialTestNew" tests="1" failures="0" timestamp="30 Apr 2019 10:30:32 GMT" time="565.358" errors="0">
  <testcase name="NewATI130_VerifyTutorialSkillsModulePreTest" time="565.358" classname="com.automation.newati.tutorial.TutorialTestNew"/>
</testsuite> <!-- com.automation.newati.tutorial.TutorialTestNew -->
