<?xml version="1.0" encoding="UTF-8"?>
<!-- Generated by org.testng.reporters.JUnitReportReporter -->
<testsuite hostname="HMECL000695" name="com.automation.newati.nclex.NCLEXTest" tests="1" failures="0" timestamp="14 May 2019 12:56:14 GMT" time="97.219" errors="0">
  <testcase name="NewATI1072_VerifyNCLEXCardBack" time="97.219" classname="com.automation.newati.nclex.NCLEXTest"/>
</testsuite> <!-- com.automation.newati.nclex.NCLEXTest -->
