<?xml version="1.0" encoding="UTF-8"?>
<!-- Generated by org.testng.reporters.JUnitReportReporter -->
<testsuite hostname="HMECL000695" name="com.automation.newati.peakhourtesting.ProctoredAssessmentTestUpdate" tests="1" failures="0" timestamp="21 Aug 2019 05:56:53 GMT" time="777.781" errors="0">
  <testcase name="NewATI102_ProctoredAssessmentTest_ItemType" time="777.781" classname="com.automation.newati.peakhourtesting.ProctoredAssessmentTestUpdate"/>
</testsuite> <!-- com.automation.newati.peakhourtesting.ProctoredAssessmentTestUpdate -->
