<?xml version="1.0" encoding="UTF-8"?>
<!-- Generated by org.testng.reporters.JUnitReportReporter -->
<testsuite hostname="HMECL000695" name="com.automation.newati.smoke.PulseUserSmokeTest10" tests="1" failures="0" timestamp="14 May 2019 11:27:06 GMT" time="680.898" errors="0">
  <testcase name="NewATI1118_ValidateStudentIsAbleTakeTutorialTest" time="680.898" classname="com.automation.newati.smoke.PulseUserSmokeTest10"/>
</testsuite> <!-- com.automation.newati.smoke.PulseUserSmokeTest10 -->
