<?xml version="1.0" encoding="UTF-8"?>
<!-- Generated by org.testng.reporters.JUnitReportReporter -->
<testsuite hostname="HMECL000695" name="com.automation.newati.regression.learntab.EBook_ProdTest" tests="1" failures="0" timestamp="29 Apr 2019 11:38:53 GMT" time="192.567" errors="0">
  <testcase name="NewATI866_VerifyNurseDrugHandbookFunctionalityPN" time="192.567" classname="com.automation.newati.regression.learntab.EBook_ProdTest"/>
</testsuite> <!-- com.automation.newati.regression.learntab.EBook_ProdTest -->
