<?xml version="1.0" encoding="UTF-8"?>
<!-- Generated by org.testng.reporters.JUnitReportReporter -->
<testsuite hostname="HMECL000695" name="com.automation.newati.smoke.Assessment" tests="1" failures="0" timestamp="21 Aug 2019 12:55:11 GMT" time="191.031" errors="0">
  <testcase name="NewATI_CompelteAssessment" time="191.031" classname="com.automation.newati.smoke.Assessment"/>
</testsuite> <!-- com.automation.newati.smoke.Assessment -->
