<?xml version="1.0" encoding="UTF-8"?>
<!-- Generated by org.testng.reporters.JUnitReportReporter -->
<testsuite hostname="HMECL000695" name="com.automation.newati.tutorial.TutorialTest" tests="1" failures="0" timestamp="29 Apr 2019 12:49:47 GMT" time="263.019" errors="0">
  <testcase name="NewATI139_VerifyNurseLogicBeginTest" time="263.019" classname="com.automation.newati.tutorial.TutorialTest"/>
</testsuite> <!-- com.automation.newati.tutorial.TutorialTest -->
